# JRE version: OpenJDK Runtime Environment Temurin-21.0.10+7 (21.0.10+7) (build 21.0.10+7-LTS)
# Java VM: OpenJDK 64-Bit Server VM Temurin-21.0.10+7 (21.0.10+7-LTS, mixed mode, sharing, tiered, compressed oops, compressed class ptrs, parallel gc, windows-amd64)
GC Precious Log:
 CardTable entry size: 512
 CPUs: 8 total, 8 available
 Memory: 15308M
 Large Page Support: Disabled
 NUMA Support: Disabled
 Compressed Oops: Enabled (32-bit)
 Alignments: Space 512K, Generation 512K, Heap 2M
 Heap Min Capacity: 100M
 Heap Initial Capacity: 100M
 Heap Max Capacity: 2G
 Pre-touch: Disabled
 Parallel Workers: 8
Heap:
 PSYoungGen      total 23552K, used 12375K [0x00000000d5580000, 0x00000000d7400000, 0x0000000100000000)
  eden space 22016K, 49% used [0x00000000d5580000,0x00000000d6019f50,0x00000000d6b00000)
  from space 1536K, 98% used [0x00000000d6b80000,0x00000000d6cfc010,0x00000000d6d00000)
  to   space 4608K, 0% used [0x00000000d6f80000,0x00000000d6f80000,0x00000000d7400000)
 ParOldGen       total 68608K, used 59079K [0x0000000080000000, 0x0000000084300000, 0x00000000d5580000)
  object space 68608K, 86% used [0x0000000080000000,0x00000000839b1d48,0x0000000084300000)
 Metaspace       used 67051K, committed 68544K, reserved 1114112K
  class space    used 7951K, committed 8576K, reserved 1048576K
GC Heap History (20 events):
Event: 160.522 GC heap before
{Heap before GC invocations=41 (full 3):
 PSYoungGen      total 24576K, used 22272K [0x00000000d5580000, 0x00000000d7380000, 0x0000000100000000)
  eden space 22016K, 100% used [0x00000000d5580000,0x00000000d6b00000,0x00000000d6b00000)
  from space 2560K, 10% used [0x00000000d6f00000,0x00000000d6f40000,0x00000000d7180000)
  to   space 1024K, 0% used [0x00000000d7280000,0x00000000d7280000,0x00000000d7380000)
 ParOldGen       total 68608K, used 42724K [0x0000000080000000, 0x0000000084300000, 0x00000000d5580000)
  object space 68608K, 62% used [0x0000000080000000,0x00000000829b90f8,0x0000000084300000)
 Metaspace       used 60996K, committed 62208K, reserved 1114112K
  class space    used 7197K, committed 7680K, reserved 1048576K
}
Event: 160.525 GC heap after
{Heap after GC invocations=41 (full 3):
 PSYoungGen      total 22528K, used 504K [0x00000000d5580000, 0x00000000d7300000, 0x0000000100000000)
  eden space 22016K, 0% used [0x00000000d5580000,0x00000000d5580000,0x00000000d6b00000)
  from space 512K, 98% used [0x00000000d7280000,0x00000000d72fe1a8,0x00000000d7300000)
  to   space 1024K, 0% used [0x00000000d7100000,0x00000000d7100000,0x00000000d7200000)
 ParOldGen       total 68608K, used 42764K [0x0000000080000000, 0x0000000084300000, 0x00000000d5580000)
  object space 68608K, 62% used [0x0000000080000000,0x00000000829c30f8,0x0000000084300000)
 Metaspace       used 60996K, committed 62208K, reserved 1114112K
  class space    used 7197K, committed 7680K, reserved 1048576K
}
Event: 161.435 GC heap before
{Heap before GC invocations=42 (full 3):
 PSYoungGen      total 22528K, used 22520K [0x00000000d5580000, 0x00000000d7300000, 0x0000000100000000)
  eden space 22016K, 100% used [0x00000000d5580000,0x00000000d6b00000,0x00000000d6b00000)
  from space 512K, 98% used [0x00000000d7280000,0x00000000d72fe1a8,0x00000000d7300000)
  to   space 1024K, 0% used [0x00000000d7100000,0x00000000d7100000,0x00000000d7200000)
 ParOldGen       total 68608K, used 42764K [0x0000000080000000, 0x0000000084300000, 0x00000000d5580000)
  object space 68608K, 62% used [0x0000000080000000,0x00000000829c30f8,0x0000000084300000)
 Metaspace       used 61768K, committed 63040K, reserved 1114112K
  class space    used 7255K, committed 7744K, reserved 1048576K
}
Event: 161.440 GC heap after
{Heap after GC invocations=42 (full 3):
 PSYoungGen      total 23040K, used 992K [0x00000000d5580000, 0x00000000d7300000, 0x0000000100000000)
  eden space 22016K, 0% used [0x00000000d5580000,0x00000000d5580000,0x00000000d6b00000)
  from space 1024K, 96% used [0x00000000d7100000,0x00000000d71f8030,0x00000000d7200000)
  to   space 1024K, 0% used [0x00000000d7200000,0x00000000d7200000,0x00000000d7300000)
 ParOldGen       total 68608K, used 44138K [0x0000000080000000, 0x0000000084300000, 0x00000000d5580000)
  object space 68608K, 64% used [0x0000000080000000,0x0000000082b1a800,0x0000000084300000)
 Metaspace       used 61768K, committed 63040K, reserved 1114112K
  class space    used 7255K, committed 7744K, reserved 1048576K
}
Event: 161.817 GC heap before
{Heap before GC invocations=43 (full 3):
 PSYoungGen      total 23040K, used 23008K [0x00000000d5580000, 0x00000000d7300000, 0x0000000100000000)
  eden space 22016K, 100% used [0x00000000d5580000,0x00000000d6b00000,0x00000000d6b00000)
  from space 1024K, 96% used [0x00000000d7100000,0x00000000d71f8030,0x00000000d7200000)
  to   space 1024K, 0% used [0x00000000d7200000,0x00000000d7200000,0x00000000d7300000)
 ParOldGen       total 68608K, used 44138K [0x0000000080000000, 0x0000000084300000, 0x00000000d5580000)
  object space 68608K, 64% used [0x0000000080000000,0x0000000082b1a800,0x0000000084300000)
 Metaspace       used 62182K, committed 63424K, reserved 1114112K
  class space    used 7319K, committed 7808K, reserved 1048576K
}
Event: 161.825 GC heap after
{Heap after GC invocations=43 (full 3):
 PSYoungGen      total 23040K, used 994K [0x00000000d5580000, 0x00000000d7300000, 0x0000000100000000)
  eden space 22016K, 0% used [0x00000000d5580000,0x00000000d5580000,0x00000000d6b00000)
  from space 1024K, 97% used [0x00000000d7200000,0x00000000d72f8810,0x00000000d7300000)
  to   space 3584K, 0% used [0x00000000d6c00000,0x00000000d6c00000,0x00000000d6f80000)
 ParOldGen       total 68608K, used 46299K [0x0000000080000000, 0x0000000084300000, 0x00000000d5580000)
  object space 68608K, 67% used [0x0000000080000000,0x0000000082d36d00,0x0000000084300000)
 Metaspace       used 62182K, committed 63424K, reserved 1114112K
  class space    used 7319K, committed 7808K, reserved 1048576K
}
Event: 161.961 GC heap before
{Heap before GC invocations=44 (full 3):
 PSYoungGen      total 23040K, used 23010K [0x00000000d5580000, 0x00000000d7300000, 0x0000000100000000)
  eden space 22016K, 100% used [0x00000000d5580000,0x00000000d6b00000,0x00000000d6b00000)
  from space 1024K, 97% used [0x00000000d7200000,0x00000000d72f8810,0x00000000d7300000)
  to   space 3584K, 0% used [0x00000000d6c00000,0x00000000d6c00000,0x00000000d6f80000)
 ParOldGen       total 68608K, used 46299K [0x0000000080000000, 0x0000000084300000, 0x00000000d5580000)
  object space 68608K, 67% used [0x0000000080000000,0x0000000082d36d00,0x0000000084300000)
 Metaspace       used 62187K, committed 63488K, reserved 1114112K
  class space    used 7319K, committed 7808K, reserved 1048576K
}
Event: 161.967 GC heap after
{Heap after GC invocations=44 (full 3):
 PSYoungGen      total 25600K, used 2144K [0x00000000d5580000, 0x00000000d7280000, 0x0000000100000000)
  eden space 22016K, 0% used [0x00000000d5580000,0x00000000d5580000,0x00000000d6b00000)
  from space 3584K, 59% used [0x00000000d6c00000,0x00000000d6e18010,0x00000000d6f80000)
  to   space 2560K, 0% used [0x00000000d7000000,0x00000000d7000000,0x00000000d7280000)
 ParOldGen       total 68608K, used 47221K [0x0000000080000000, 0x0000000084300000, 0x00000000d5580000)
  object space 68608K, 68% used [0x0000000080000000,0x0000000082e1d500,0x0000000084300000)
 Metaspace       used 62187K, committed 63488K, reserved 1114112K
  class space    used 7319K, committed 7808K, reserved 1048576K
}
Event: 162.260 GC heap before
{Heap before GC invocations=45 (full 3):
 PSYoungGen      total 25600K, used 24160K [0x00000000d5580000, 0x00000000d7280000, 0x0000000100000000)
  eden space 22016K, 100% used [0x00000000d5580000,0x00000000d6b00000,0x00000000d6b00000)
  from space 3584K, 59% used [0x00000000d6c00000,0x00000000d6e18010,0x00000000d6f80000)
  to   space 2560K, 0% used [0x00000000d7000000,0x00000000d7000000,0x00000000d7280000)
 ParOldGen       total 68608K, used 47221K [0x0000000080000000, 0x0000000084300000, 0x00000000d5580000)
  object space 68608K, 68% used [0x0000000080000000,0x0000000082e1d500,0x0000000084300000)
 Metaspace       used 62208K, committed 63488K, reserved 1114112K
  class space    used 7319K, committed 7808K, reserved 1048576K
}
Event: 162.269 GC heap after
{Heap after GC invocations=45 (full 3):
 PSYoungGen      total 24576K, used 2308K [0x00000000d5580000, 0x00000000d7280000, 0x0000000100000000)
  eden space 22016K, 0% used [0x00000000d5580000,0x00000000d5580000,0x00000000d6b00000)
  from space 2560K, 90% used [0x00000000d7000000,0x00000000d7241000,0x00000000d7280000)
  to   space 2560K, 0% used [0x00000000d6d80000,0x00000000d6d80000,0x00000000d7000000)
 ParOldGen       total 68608K, used 49229K [0x0000000080000000, 0x0000000084300000, 0x00000000d5580000)
  object space 68608K, 71% used [0x0000000080000000,0x0000000083013510,0x0000000084300000)
 Metaspace       used 62208K, committed 63488K, reserved 1114112K
  class space    used 7319K, committed 7808K, reserved 1048576K
}
Event: 162.407 GC heap before
{Heap before GC invocations=46 (full 3):
 PSYoungGen      total 24576K, used 24324K [0x00000000d5580000, 0x00000000d7280000, 0x0000000100000000)
  eden space 22016K, 100% used [0x00000000d5580000,0x00000000d6b00000,0x00000000d6b00000)
  from space 2560K, 90% used [0x00000000d7000000,0x00000000d7241000,0x00000000d7280000)
  to   space 2560K, 0% used [0x00000000d6d80000,0x00000000d6d80000,0x00000000d7000000)
 ParOldGen       total 68608K, used 49229K [0x0000000080000000, 0x0000000084300000, 0x00000000d5580000)
  object space 68608K, 71% used [0x0000000080000000,0x0000000083013510,0x0000000084300000)
 Metaspace       used 62213K, committed 63488K, reserved 1114112K
  class space    used 7319K, committed 7808K, reserved 1048576K
}
Event: 162.415 GC heap after
{Heap after GC invocations=46 (full 3):
 PSYoungGen      total 24064K, used 1952K [0x00000000d5580000, 0x00000000d7080000, 0x0000000100000000)
  eden space 22016K, 0% used [0x00000000d5580000,0x00000000d5580000,0x00000000d6b00000)
  from space 2048K, 95% used [0x00000000d6d80000,0x00000000d6f68000,0x00000000d6f80000)
  to   space 1024K, 0% used [0x00000000d6f80000,0x00000000d6f80000,0x00000000d7080000)
 ParOldGen       total 68608K, used 51393K [0x0000000080000000, 0x0000000084300000, 0x00000000d5580000)
  object space 68608K, 74% used [0x0000000080000000,0x0000000083230528,0x0000000084300000)
 Metaspace       used 62213K, committed 63488K, reserved 1114112K
  class space    used 7319K, committed 7808K, reserved 1048576K
}
Event: 162.644 GC heap before
{Heap before GC invocations=47 (full 3):
 PSYoungGen      total 24064K, used 23968K [0x00000000d5580000, 0x00000000d7080000, 0x0000000100000000)
  eden space 22016K, 100% used [0x00000000d5580000,0x00000000d6b00000,0x00000000d6b00000)
  from space 2048K, 95% used [0x00000000d6d80000,0x00000000d6f68000,0x00000000d6f80000)
  to   space 1024K, 0% used [0x00000000d6f80000,0x00000000d6f80000,0x00000000d7080000)
 ParOldGen       total 68608K, used 51393K [0x0000000080000000, 0x0000000084300000, 0x00000000d5580000)
  object space 68608K, 74% used [0x0000000080000000,0x0000000083230528,0x0000000084300000)
 Metaspace       used 62242K, committed 63488K, reserved 1114112K
  class space    used 7320K, committed 7808K, reserved 1048576K
}
Event: 162.652 GC heap after
{Heap after GC invocations=47 (full 3):
 PSYoungGen      total 23040K, used 1016K [0x00000000d5580000, 0x00000000d7400000, 0x0000000100000000)
  eden space 22016K, 0% used [0x00000000d5580000,0x00000000d5580000,0x00000000d6b00000)
  from space 1024K, 99% used [0x00000000d6f80000,0x00000000d707e200,0x00000000d7080000)
  to   space 4608K, 0% used [0x00000000d6b00000,0x00000000d6b00000,0x00000000d6f80000)
 ParOldGen       total 68608K, used 54281K [0x0000000080000000, 0x0000000084300000, 0x00000000d5580000)
  object space 68608K, 79% used [0x0000000080000000,0x0000000083502538,0x0000000084300000)
 Metaspace       used 62242K, committed 63488K, reserved 1114112K
  class space    used 7320K, committed 7808K, reserved 1048576K
}
Event: 163.278 GC heap before
{Heap before GC invocations=48 (full 3):
 PSYoungGen      total 23040K, used 23032K [0x00000000d5580000, 0x00000000d7400000, 0x0000000100000000)
  eden space 22016K, 100% used [0x00000000d5580000,0x00000000d6b00000,0x00000000d6b00000)
  from space 1024K, 99% used [0x00000000d6f80000,0x00000000d707e200,0x00000000d7080000)
  to   space 4608K, 0% used [0x00000000d6b00000,0x00000000d6b00000,0x00000000d6f80000)
 ParOldGen       total 68608K, used 54281K [0x0000000080000000, 0x0000000084300000, 0x00000000d5580000)
  object space 68608K, 79% used [0x0000000080000000,0x0000000083502538,0x0000000084300000)
 Metaspace       used 63306K, committed 64640K, reserved 1114112K
  class space    used 7458K, committed 8000K, reserved 1048576K
}
Event: 163.284 GC heap after
{Heap after GC invocations=48 (full 3):
 PSYoungGen      total 23552K, used 1408K [0x00000000d5580000, 0x00000000d7000000, 0x0000000100000000)
  eden space 22016K, 0% used [0x00000000d5580000,0x00000000d5580000,0x00000000d6b00000)
  from space 1536K, 91% used [0x00000000d6b00000,0x00000000d6c60020,0x00000000d6c80000)
  to   space 2560K, 0% used [0x00000000d6d80000,0x00000000d6d80000,0x00000000d7000000)
 ParOldGen       total 68608K, used 55337K [0x0000000080000000, 0x0000000084300000, 0x00000000d5580000)
  object space 68608K, 80% used [0x0000000080000000,0x000000008360a738,0x0000000084300000)
 Metaspace       used 63306K, committed 64640K, reserved 1114112K
  class space    used 7458K, committed 8000K, reserved 1048576K
}
Event: 297.940 GC heap before
{Heap before GC invocations=49 (full 3):
 PSYoungGen      total 23552K, used 23424K [0x00000000d5580000, 0x00000000d7000000, 0x0000000100000000)
  eden space 22016K, 100% used [0x00000000d5580000,0x00000000d6b00000,0x00000000d6b00000)
  from space 1536K, 91% used [0x00000000d6b00000,0x00000000d6c60020,0x00000000d6c80000)
  to   space 2560K, 0% used [0x00000000d6d80000,0x00000000d6d80000,0x00000000d7000000)
 ParOldGen       total 68608K, used 55337K [0x0000000080000000, 0x0000000084300000, 0x00000000d5580000)
  object space 68608K, 80% used [0x0000000080000000,0x000000008360a738,0x0000000084300000)
 Metaspace       used 65476K, committed 66816K, reserved 1114112K
  class space    used 7787K, committed 8320K, reserved 1048576K
}
Event: 297.944 GC heap after
{Heap after GC invocations=49 (full 3):
 PSYoungGen      total 23040K, used 720K [0x00000000d5580000, 0x00000000d6e80000, 0x0000000100000000)
  eden space 22016K, 0% used [0x00000000d5580000,0x00000000d5580000,0x00000000d6b00000)
  from space 1024K, 70% used [0x00000000d6d80000,0x00000000d6e34020,0x00000000d6e80000)
  to   space 1536K, 0% used [0x00000000d6b80000,0x00000000d6b80000,0x00000000d6d00000)
 ParOldGen       total 68608K, used 56688K [0x0000000080000000, 0x0000000084300000, 0x00000000d5580000)
  object space 68608K, 82% used [0x0000000080000000,0x000000008375c1b8,0x0000000084300000)
 Metaspace       used 65476K, committed 66816K, reserved 1114112K
  class space    used 7787K, committed 8320K, reserved 1048576K
}
Event: 313.102 GC heap before
{Heap before GC invocations=50 (full 3):
 PSYoungGen      total 23040K, used 22736K [0x00000000d5580000, 0x00000000d6e80000, 0x0000000100000000)
  eden space 22016K, 100% used [0x00000000d5580000,0x00000000d6b00000,0x00000000d6b00000)
  from space 1024K, 70% used [0x00000000d6d80000,0x00000000d6e34020,0x00000000d6e80000)
  to   space 1536K, 0% used [0x00000000d6b80000,0x00000000d6b80000,0x00000000d6d00000)
 ParOldGen       total 68608K, used 56688K [0x0000000080000000, 0x0000000084300000, 0x00000000d5580000)
  object space 68608K, 82% used [0x0000000080000000,0x000000008375c1b8,0x0000000084300000)
 Metaspace       used 66323K, committed 67840K, reserved 1114112K
  class space    used 7860K, committed 8512K, reserved 1048576K
}
Event: 313.110 GC heap after
{Heap after GC invocations=50 (full 3):
 PSYoungGen      total 23552K, used 1520K [0x00000000d5580000, 0x00000000d7400000, 0x0000000100000000)
  eden space 22016K, 0% used [0x00000000d5580000,0x00000000d5580000,0x00000000d6b00000)
  from space 1536K, 98% used [0x00000000d6b80000,0x00000000d6cfc010,0x00000000d6d00000)
  to   space 4608K, 0% used [0x00000000d6f80000,0x00000000d6f80000,0x00000000d7400000)
 ParOldGen       total 68608K, used 59079K [0x0000000080000000, 0x0000000084300000, 0x00000000d5580000)
  object space 68608K, 86% used [0x0000000080000000,0x00000000839b1d48,0x0000000084300000)
 Metaspace       used 66323K, committed 67840K, reserved 1114112K
  class space    used 7860K, committed 8512K, reserved 1048576K
}

